-------------------------------------------------------------------------------
Test set: cn.itcast.wanxinp2p.account.Wanxinp2pAccountServiceApplicationTests
-------------------------------------------------------------------------------
Tests run: 3, Failures: 0, Errors: 3, Skipped: 0, Time elapsed: 0.067 s <<< FAILURE! - in cn.itcast.wanxinp2p.account.Wanxinp2pAccountServiceApplicationTests
initializationError(cn.itcast.wanxinp2p.account.Wanxinp2pAccountServiceApplicationTests)  Time elapsed: 0.007 s  <<< ERROR!
java.lang.Exception: The class cn.itcast.wanxinp2p.account.Wanxinp2pAccountServiceApplicationTests is not public.

initializationError(cn.itcast.wanxinp2p.account.Wanxinp2pAccountServiceApplicationTests)  Time elapsed: 0 s  <<< ERROR!
java.lang.Exception: Test class should have exactly one public constructor

initializationError(cn.itcast.wanxinp2p.account.Wanxinp2pAccountServiceApplicationTests)  Time elapsed: 0 s  <<< ERROR!
java.lang.Exception: Method contextLoads() should be public

